C:\USERS\Даниил\DESKTOP\антону\GRAF_WAY\DEBUG\GRAF_WAY.EXE
C:\Users\Даниил\Desktop\антону\Graf_Way\Debug\Graf_Way.pdb
C:\Users\Даниил\Desktop\антону\Graf_Way\Graf_Way\Debug\.NETFramework,Version=v4.0.AssemblyAttributes.obj
C:\USERS\Даниил\DESKTOP\антону\GRAF_WAY\GRAF_WAY\DEBUG\APP.RES
C:\USERS\Даниил\DESKTOP\антону\GRAF_WAY\GRAF_WAY\DEBUG\ASSEMBLYINFO.OBJ
C:\Users\Даниил\Desktop\антону\Graf_Way\Graf_Way\Debug\cl.command.1.tlog
C:\Users\Даниил\Desktop\антону\Graf_Way\Graf_Way\Debug\CL.read.1.tlog
C:\Users\Даниил\Desktop\антону\Graf_Way\Graf_Way\Debug\CL.write.1.tlog
C:\Users\Даниил\Desktop\антону\Graf_Way\Graf_Way\Debug\GenerateResource.read.1.tlog
C:\Users\Даниил\Desktop\антону\Graf_Way\Graf_Way\Debug\GenerateResource.read.120.tlog
C:\Users\Даниил\Desktop\антону\Graf_Way\Graf_Way\Debug\GenerateResource.read.129.tlog
C:\Users\Даниил\Desktop\антону\Graf_Way\Graf_Way\Debug\GenerateResource.read.133.tlog
C:\Users\Даниил\Desktop\антону\Graf_Way\Graf_Way\Debug\GenerateResource.read.14.tlog
C:\Users\Даниил\Desktop\антону\Graf_Way\Graf_Way\Debug\GenerateResource.read.156.tlog
C:\Users\Даниил\Desktop\антону\Graf_Way\Graf_Way\Debug\GenerateResource.read.183.tlog
C:\Users\Даниил\Desktop\антону\Graf_Way\Graf_Way\Debug\GenerateResource.read.187.tlog
C:\Users\Даниил\Desktop\антону\Graf_Way\Graf_Way\Debug\GenerateResource.read.21.tlog
C:\Users\Даниил\Desktop\антону\Graf_Way\Graf_Way\Debug\GenerateResource.read.217.tlog
C:\Users\Даниил\Desktop\антону\Graf_Way\Graf_Way\Debug\GenerateResource.read.25.tlog
C:\Users\Даниил\Desktop\антону\Graf_Way\Graf_Way\Debug\GenerateResource.read.29.tlog
C:\Users\Даниил\Desktop\антону\Graf_Way\Graf_Way\Debug\GenerateResource.read.302.tlog
C:\Users\Даниил\Desktop\антону\Graf_Way\Graf_Way\Debug\GenerateResource.read.52.tlog
C:\Users\Даниил\Desktop\антону\Graf_Way\Graf_Way\Debug\GenerateResource.read.521.tlog
C:\Users\Даниил\Desktop\антону\Graf_Way\Graf_Way\Debug\GenerateResource.read.557.tlog
C:\Users\Даниил\Desktop\антону\Graf_Way\Graf_Way\Debug\GenerateResource.read.58.tlog
C:\Users\Даниил\Desktop\антону\Graf_Way\Graf_Way\Debug\GenerateResource.write.1.tlog
C:\Users\Даниил\Desktop\антону\Graf_Way\Graf_Way\Debug\GenerateResource.write.120.tlog
C:\Users\Даниил\Desktop\антону\Graf_Way\Graf_Way\Debug\GenerateResource.write.129.tlog
C:\Users\Даниил\Desktop\антону\Graf_Way\Graf_Way\Debug\GenerateResource.write.133.tlog
C:\Users\Даниил\Desktop\антону\Graf_Way\Graf_Way\Debug\GenerateResource.write.14.tlog
C:\Users\Даниил\Desktop\антону\Graf_Way\Graf_Way\Debug\GenerateResource.write.156.tlog
C:\Users\Даниил\Desktop\антону\Graf_Way\Graf_Way\Debug\GenerateResource.write.183.tlog
C:\Users\Даниил\Desktop\антону\Graf_Way\Graf_Way\Debug\GenerateResource.write.187.tlog
C:\Users\Даниил\Desktop\антону\Graf_Way\Graf_Way\Debug\GenerateResource.write.21.tlog
C:\Users\Даниил\Desktop\антону\Graf_Way\Graf_Way\Debug\GenerateResource.write.217.tlog
C:\Users\Даниил\Desktop\антону\Graf_Way\Graf_Way\Debug\GenerateResource.write.25.tlog
C:\Users\Даниил\Desktop\антону\Graf_Way\Graf_Way\Debug\GenerateResource.write.29.tlog
C:\Users\Даниил\Desktop\антону\Graf_Way\Graf_Way\Debug\GenerateResource.write.302.tlog
C:\Users\Даниил\Desktop\антону\Graf_Way\Graf_Way\Debug\GenerateResource.write.52.tlog
C:\Users\Даниил\Desktop\антону\Graf_Way\Graf_Way\Debug\GenerateResource.write.521.tlog
C:\Users\Даниил\Desktop\антону\Graf_Way\Graf_Way\Debug\GenerateResource.write.557.tlog
C:\Users\Даниил\Desktop\антону\Graf_Way\Graf_Way\Debug\GenerateResource.write.58.tlog
C:\Users\Даниил\Desktop\антону\Graf_Way\Graf_Way\Debug\Graf_Way.exe.intermediate.manifest
C:\USERS\Даниил\DESKTOP\антону\GRAF_WAY\GRAF_WAY\DEBUG\GRAF_WAY.FORM1.RESOURCES
C:\USERS\Даниил\DESKTOP\антону\GRAF_WAY\GRAF_WAY\DEBUG\GRAF_WAY.OBJ
C:\USERS\Даниил\DESKTOP\антону\GRAF_WAY\GRAF_WAY\DEBUG\GRAF_WAY.PCH
C:\Users\Даниил\Desktop\антону\Graf_Way\Graf_Way\Debug\Graf_Way.write.1.tlog
C:\Users\Даниил\Desktop\антону\Graf_Way\Graf_Way\Debug\link.10000.read.1.tlog
C:\Users\Даниил\Desktop\антону\Graf_Way\Graf_Way\Debug\link.10000.write.1.tlog
C:\Users\Даниил\Desktop\антону\Graf_Way\Graf_Way\Debug\link.10000-cvtres.read.1.tlog
C:\Users\Даниил\Desktop\антону\Graf_Way\Graf_Way\Debug\link.10000-cvtres.write.1.tlog
C:\Users\Даниил\Desktop\антону\Graf_Way\Graf_Way\Debug\link.10064.read.1.tlog
C:\Users\Даниил\Desktop\антону\Graf_Way\Graf_Way\Debug\link.10064.write.1.tlog
C:\Users\Даниил\Desktop\антону\Graf_Way\Graf_Way\Debug\link.10064-cvtres.read.1.tlog
C:\Users\Даниил\Desktop\антону\Graf_Way\Graf_Way\Debug\link.10064-cvtres.write.1.tlog
C:\Users\Даниил\Desktop\антону\Graf_Way\Graf_Way\Debug\link.10080.read.1.tlog
C:\Users\Даниил\Desktop\антону\Graf_Way\Graf_Way\Debug\link.10080.write.1.tlog
C:\Users\Даниил\Desktop\антону\Graf_Way\Graf_Way\Debug\link.10080-cvtres.read.1.tlog
C:\Users\Даниил\Desktop\антону\Graf_Way\Graf_Way\Debug\link.10080-cvtres.write.1.tlog
C:\Users\Даниил\Desktop\антону\Graf_Way\Graf_Way\Debug\link.10168.read.1.tlog
C:\Users\Даниил\Desktop\антону\Graf_Way\Graf_Way\Debug\link.10168.write.1.tlog
C:\Users\Даниил\Desktop\антону\Graf_Way\Graf_Way\Debug\link.10168-cvtres.read.1.tlog
C:\Users\Даниил\Desktop\антону\Graf_Way\Graf_Way\Debug\link.10168-cvtres.write.1.tlog
C:\Users\Даниил\Desktop\антону\Graf_Way\Graf_Way\Debug\link.10212.read.1.tlog
C:\Users\Даниил\Desktop\антону\Graf_Way\Graf_Way\Debug\link.10212.write.1.tlog
C:\Users\Даниил\Desktop\антону\Graf_Way\Graf_Way\Debug\link.10212-cvtres.read.1.tlog
C:\Users\Даниил\Desktop\антону\Graf_Way\Graf_Way\Debug\link.10212-cvtres.write.1.tlog
C:\Users\Даниил\Desktop\антону\Graf_Way\Graf_Way\Debug\link.10388.read.1.tlog
C:\Users\Даниил\Desktop\антону\Graf_Way\Graf_Way\Debug\link.10388.write.1.tlog
C:\Users\Даниил\Desktop\антону\Graf_Way\Graf_Way\Debug\link.10388-cvtres.read.1.tlog
C:\Users\Даниил\Desktop\антону\Graf_Way\Graf_Way\Debug\link.10388-cvtres.write.1.tlog
C:\Users\Даниил\Desktop\антону\Graf_Way\Graf_Way\Debug\link.10420.read.1.tlog
C:\Users\Даниил\Desktop\антону\Graf_Way\Graf_Way\Debug\link.10420.write.1.tlog
C:\Users\Даниил\Desktop\антону\Graf_Way\Graf_Way\Debug\link.10420-cvtres.read.1.tlog
C:\Users\Даниил\Desktop\антону\Graf_Way\Graf_Way\Debug\link.10420-cvtres.write.1.tlog
C:\Users\Даниил\Desktop\антону\Graf_Way\Graf_Way\Debug\link.10704.read.1.tlog
C:\Users\Даниил\Desktop\антону\Graf_Way\Graf_Way\Debug\link.10704.write.1.tlog
C:\Users\Даниил\Desktop\антону\Graf_Way\Graf_Way\Debug\link.10704-cvtres.read.1.tlog
C:\Users\Даниил\Desktop\антону\Graf_Way\Graf_Way\Debug\link.10704-cvtres.write.1.tlog
C:\Users\Даниил\Desktop\антону\Graf_Way\Graf_Way\Debug\link.10728.read.1.tlog
C:\Users\Даниил\Desktop\антону\Graf_Way\Graf_Way\Debug\link.10728.write.1.tlog
C:\Users\Даниил\Desktop\антону\Graf_Way\Graf_Way\Debug\link.10728-cvtres.read.1.tlog
C:\Users\Даниил\Desktop\антону\Graf_Way\Graf_Way\Debug\link.10728-cvtres.write.1.tlog
C:\Users\Даниил\Desktop\антону\Graf_Way\Graf_Way\Debug\link.10936.read.1.tlog
C:\Users\Даниил\Desktop\антону\Graf_Way\Graf_Way\Debug\link.10936.write.1.tlog
C:\Users\Даниил\Desktop\антону\Graf_Way\Graf_Way\Debug\link.10936-cvtres.read.1.tlog
C:\Users\Даниил\Desktop\антону\Graf_Way\Graf_Way\Debug\link.10936-cvtres.write.1.tlog
C:\Users\Даниил\Desktop\антону\Graf_Way\Graf_Way\Debug\link.1596.read.1.tlog
C:\Users\Даниил\Desktop\антону\Graf_Way\Graf_Way\Debug\link.1596.write.1.tlog
C:\Users\Даниил\Desktop\антону\Graf_Way\Graf_Way\Debug\link.1596-cvtres.read.1.tlog
C:\Users\Даниил\Desktop\антону\Graf_Way\Graf_Way\Debug\link.1596-cvtres.write.1.tlog
C:\Users\Даниил\Desktop\антону\Graf_Way\Graf_Way\Debug\link.1812.read.1.tlog
C:\Users\Даниил\Desktop\антону\Graf_Way\Graf_Way\Debug\link.1812.write.1.tlog
C:\Users\Даниил\Desktop\антону\Graf_Way\Graf_Way\Debug\link.1812-cvtres.read.1.tlog
C:\Users\Даниил\Desktop\антону\Graf_Way\Graf_Way\Debug\link.1812-cvtres.write.1.tlog
C:\Users\Даниил\Desktop\антону\Graf_Way\Graf_Way\Debug\link.2396.read.1.tlog
C:\Users\Даниил\Desktop\антону\Graf_Way\Graf_Way\Debug\link.2396.write.1.tlog
C:\Users\Даниил\Desktop\антону\Graf_Way\Graf_Way\Debug\link.2396-cvtres.read.1.tlog
C:\Users\Даниил\Desktop\антону\Graf_Way\Graf_Way\Debug\link.2396-cvtres.write.1.tlog
C:\Users\Даниил\Desktop\антону\Graf_Way\Graf_Way\Debug\link.3720.read.1.tlog
C:\Users\Даниил\Desktop\антону\Graf_Way\Graf_Way\Debug\link.3720.write.1.tlog
C:\Users\Даниил\Desktop\антону\Graf_Way\Graf_Way\Debug\link.3720-cvtres.read.1.tlog
C:\Users\Даниил\Desktop\антону\Graf_Way\Graf_Way\Debug\link.3720-cvtres.write.1.tlog
C:\Users\Даниил\Desktop\антону\Graf_Way\Graf_Way\Debug\link.4204.read.1.tlog
C:\Users\Даниил\Desktop\антону\Graf_Way\Graf_Way\Debug\link.4204.write.1.tlog
C:\Users\Даниил\Desktop\антону\Graf_Way\Graf_Way\Debug\link.4204-cvtres.read.1.tlog
C:\Users\Даниил\Desktop\антону\Graf_Way\Graf_Way\Debug\link.4204-cvtres.write.1.tlog
C:\Users\Даниил\Desktop\антону\Graf_Way\Graf_Way\Debug\link.4596.read.1.tlog
C:\Users\Даниил\Desktop\антону\Graf_Way\Graf_Way\Debug\link.4596.write.1.tlog
C:\Users\Даниил\Desktop\антону\Graf_Way\Graf_Way\Debug\link.4596-cvtres.read.1.tlog
C:\Users\Даниил\Desktop\антону\Graf_Way\Graf_Way\Debug\link.4596-cvtres.write.1.tlog
C:\Users\Даниил\Desktop\антону\Graf_Way\Graf_Way\Debug\link.4660.read.1.tlog
C:\Users\Даниил\Desktop\антону\Graf_Way\Graf_Way\Debug\link.4660.write.1.tlog
C:\Users\Даниил\Desktop\антону\Graf_Way\Graf_Way\Debug\link.4660-cvtres.read.1.tlog
C:\Users\Даниил\Desktop\антону\Graf_Way\Graf_Way\Debug\link.4660-cvtres.write.1.tlog
C:\Users\Даниил\Desktop\антону\Graf_Way\Graf_Way\Debug\link.4668.read.1.tlog
C:\Users\Даниил\Desktop\антону\Graf_Way\Graf_Way\Debug\link.4668.write.1.tlog
C:\Users\Даниил\Desktop\антону\Graf_Way\Graf_Way\Debug\link.4668-cvtres.read.1.tlog
C:\Users\Даниил\Desktop\антону\Graf_Way\Graf_Way\Debug\link.4668-cvtres.write.1.tlog
C:\Users\Даниил\Desktop\антону\Graf_Way\Graf_Way\Debug\link.572.read.1.tlog
C:\Users\Даниил\Desktop\антону\Graf_Way\Graf_Way\Debug\link.572.write.1.tlog
C:\Users\Даниил\Desktop\антону\Graf_Way\Graf_Way\Debug\link.572-cvtres.read.1.tlog
C:\Users\Даниил\Desktop\антону\Graf_Way\Graf_Way\Debug\link.572-cvtres.write.1.tlog
C:\Users\Даниил\Desktop\антону\Graf_Way\Graf_Way\Debug\link.6448.read.1.tlog
C:\Users\Даниил\Desktop\антону\Graf_Way\Graf_Way\Debug\link.6448.write.1.tlog
C:\Users\Даниил\Desktop\антону\Graf_Way\Graf_Way\Debug\link.6448-cvtres.read.1.tlog
C:\Users\Даниил\Desktop\антону\Graf_Way\Graf_Way\Debug\link.6448-cvtres.write.1.tlog
C:\Users\Даниил\Desktop\антону\Graf_Way\Graf_Way\Debug\link.6788.read.1.tlog
C:\Users\Даниил\Desktop\антону\Graf_Way\Graf_Way\Debug\link.6788.write.1.tlog
C:\Users\Даниил\Desktop\антону\Graf_Way\Graf_Way\Debug\link.6788-cvtres.read.1.tlog
C:\Users\Даниил\Desktop\антону\Graf_Way\Graf_Way\Debug\link.6788-cvtres.write.1.tlog
C:\Users\Даниил\Desktop\антону\Graf_Way\Graf_Way\Debug\link.7080.read.1.tlog
C:\Users\Даниил\Desktop\антону\Graf_Way\Graf_Way\Debug\link.7080.write.1.tlog
C:\Users\Даниил\Desktop\антону\Graf_Way\Graf_Way\Debug\link.7080-cvtres.read.1.tlog
C:\Users\Даниил\Desktop\антону\Graf_Way\Graf_Way\Debug\link.7080-cvtres.write.1.tlog
C:\Users\Даниил\Desktop\антону\Graf_Way\Graf_Way\Debug\link.7536.read.1.tlog
C:\Users\Даниил\Desktop\антону\Graf_Way\Graf_Way\Debug\link.7536.write.1.tlog
C:\Users\Даниил\Desktop\антону\Graf_Way\Graf_Way\Debug\link.7536-cvtres.read.1.tlog
C:\Users\Даниил\Desktop\антону\Graf_Way\Graf_Way\Debug\link.7536-cvtres.write.1.tlog
C:\Users\Даниил\Desktop\антону\Graf_Way\Graf_Way\Debug\link.7588.read.1.tlog
C:\Users\Даниил\Desktop\антону\Graf_Way\Graf_Way\Debug\link.7588.write.1.tlog
C:\Users\Даниил\Desktop\антону\Graf_Way\Graf_Way\Debug\link.7588-cvtres.read.1.tlog
C:\Users\Даниил\Desktop\антону\Graf_Way\Graf_Way\Debug\link.7588-cvtres.write.1.tlog
C:\Users\Даниил\Desktop\антону\Graf_Way\Graf_Way\Debug\link.7880.read.1.tlog
C:\Users\Даниил\Desktop\антону\Graf_Way\Graf_Way\Debug\link.7880.write.1.tlog
C:\Users\Даниил\Desktop\антону\Graf_Way\Graf_Way\Debug\link.7880-cvtres.read.1.tlog
C:\Users\Даниил\Desktop\антону\Graf_Way\Graf_Way\Debug\link.7880-cvtres.write.1.tlog
C:\Users\Даниил\Desktop\антону\Graf_Way\Graf_Way\Debug\link.7968.read.1.tlog
C:\Users\Даниил\Desktop\антону\Graf_Way\Graf_Way\Debug\link.7968.write.1.tlog
C:\Users\Даниил\Desktop\антону\Graf_Way\Graf_Way\Debug\link.7968-cvtres.read.1.tlog
C:\Users\Даниил\Desktop\антону\Graf_Way\Graf_Way\Debug\link.7968-cvtres.write.1.tlog
C:\Users\Даниил\Desktop\антону\Graf_Way\Graf_Way\Debug\link.8088.read.1.tlog
C:\Users\Даниил\Desktop\антону\Graf_Way\Graf_Way\Debug\link.8088.write.1.tlog
C:\Users\Даниил\Desktop\антону\Graf_Way\Graf_Way\Debug\link.8088-cvtres.read.1.tlog
C:\Users\Даниил\Desktop\антону\Graf_Way\Graf_Way\Debug\link.8088-cvtres.write.1.tlog
C:\Users\Даниил\Desktop\антону\Graf_Way\Graf_Way\Debug\link.8180.read.1.tlog
C:\Users\Даниил\Desktop\антону\Graf_Way\Graf_Way\Debug\link.8180.write.1.tlog
C:\Users\Даниил\Desktop\антону\Graf_Way\Graf_Way\Debug\link.8180-cvtres.read.1.tlog
C:\Users\Даниил\Desktop\антону\Graf_Way\Graf_Way\Debug\link.8180-cvtres.write.1.tlog
C:\Users\Даниил\Desktop\антону\Graf_Way\Graf_Way\Debug\link.8184.read.1.tlog
C:\Users\Даниил\Desktop\антону\Graf_Way\Graf_Way\Debug\link.8184.write.1.tlog
C:\Users\Даниил\Desktop\антону\Graf_Way\Graf_Way\Debug\link.8184-cvtres.read.1.tlog
C:\Users\Даниил\Desktop\антону\Graf_Way\Graf_Way\Debug\link.8184-cvtres.write.1.tlog
C:\Users\Даниил\Desktop\антону\Graf_Way\Graf_Way\Debug\link.8304.read.1.tlog
C:\Users\Даниил\Desktop\антону\Graf_Way\Graf_Way\Debug\link.8304.write.1.tlog
C:\Users\Даниил\Desktop\антону\Graf_Way\Graf_Way\Debug\link.8304-cvtres.read.1.tlog
C:\Users\Даниил\Desktop\антону\Graf_Way\Graf_Way\Debug\link.8304-cvtres.write.1.tlog
C:\Users\Даниил\Desktop\антону\Graf_Way\Graf_Way\Debug\link.8320.read.1.tlog
C:\Users\Даниил\Desktop\антону\Graf_Way\Graf_Way\Debug\link.8320.write.1.tlog
C:\Users\Даниил\Desktop\антону\Graf_Way\Graf_Way\Debug\link.8320-cvtres.read.1.tlog
C:\Users\Даниил\Desktop\антону\Graf_Way\Graf_Way\Debug\link.8320-cvtres.write.1.tlog
C:\Users\Даниил\Desktop\антону\Graf_Way\Graf_Way\Debug\link.8328.read.1.tlog
C:\Users\Даниил\Desktop\антону\Graf_Way\Graf_Way\Debug\link.8328.write.1.tlog
C:\Users\Даниил\Desktop\антону\Graf_Way\Graf_Way\Debug\link.8328-cvtres.read.1.tlog
C:\Users\Даниил\Desktop\антону\Graf_Way\Graf_Way\Debug\link.8328-cvtres.write.1.tlog
C:\Users\Даниил\Desktop\антону\Graf_Way\Graf_Way\Debug\link.8344.read.1.tlog
C:\Users\Даниил\Desktop\антону\Graf_Way\Graf_Way\Debug\link.8344.write.1.tlog
C:\Users\Даниил\Desktop\антону\Graf_Way\Graf_Way\Debug\link.8344-cvtres.read.1.tlog
C:\Users\Даниил\Desktop\антону\Graf_Way\Graf_Way\Debug\link.8344-cvtres.write.1.tlog
C:\Users\Даниил\Desktop\антону\Graf_Way\Graf_Way\Debug\link.8564.read.1.tlog
C:\Users\Даниил\Desktop\антону\Graf_Way\Graf_Way\Debug\link.8564.write.1.tlog
C:\Users\Даниил\Desktop\антону\Graf_Way\Graf_Way\Debug\link.8564-cvtres.read.1.tlog
C:\Users\Даниил\Desktop\антону\Graf_Way\Graf_Way\Debug\link.8564-cvtres.write.1.tlog
C:\Users\Даниил\Desktop\антону\Graf_Way\Graf_Way\Debug\link.8596.read.1.tlog
C:\Users\Даниил\Desktop\антону\Graf_Way\Graf_Way\Debug\link.8596.write.1.tlog
C:\Users\Даниил\Desktop\антону\Graf_Way\Graf_Way\Debug\link.8596-cvtres.read.1.tlog
C:\Users\Даниил\Desktop\антону\Graf_Way\Graf_Way\Debug\link.8596-cvtres.write.1.tlog
C:\Users\Даниил\Desktop\антону\Graf_Way\Graf_Way\Debug\link.8680.read.1.tlog
C:\Users\Даниил\Desktop\антону\Graf_Way\Graf_Way\Debug\link.8680.write.1.tlog
C:\Users\Даниил\Desktop\антону\Graf_Way\Graf_Way\Debug\link.8680-cvtres.read.1.tlog
C:\Users\Даниил\Desktop\антону\Graf_Way\Graf_Way\Debug\link.8680-cvtres.write.1.tlog
C:\Users\Даниил\Desktop\антону\Graf_Way\Graf_Way\Debug\link.8740.read.1.tlog
C:\Users\Даниил\Desktop\антону\Graf_Way\Graf_Way\Debug\link.8740.write.1.tlog
C:\Users\Даниил\Desktop\антону\Graf_Way\Graf_Way\Debug\link.8740-cvtres.read.1.tlog
C:\Users\Даниил\Desktop\антону\Graf_Way\Graf_Way\Debug\link.8740-cvtres.write.1.tlog
C:\Users\Даниил\Desktop\антону\Graf_Way\Graf_Way\Debug\link.8896.read.1.tlog
C:\Users\Даниил\Desktop\антону\Graf_Way\Graf_Way\Debug\link.8896.write.1.tlog
C:\Users\Даниил\Desktop\антону\Graf_Way\Graf_Way\Debug\link.8896-cvtres.read.1.tlog
C:\Users\Даниил\Desktop\антону\Graf_Way\Graf_Way\Debug\link.8896-cvtres.write.1.tlog
C:\Users\Даниил\Desktop\антону\Graf_Way\Graf_Way\Debug\link.8944.read.1.tlog
C:\Users\Даниил\Desktop\антону\Graf_Way\Graf_Way\Debug\link.8944.write.1.tlog
C:\Users\Даниил\Desktop\антону\Graf_Way\Graf_Way\Debug\link.8944-cvtres.read.1.tlog
C:\Users\Даниил\Desktop\антону\Graf_Way\Graf_Way\Debug\link.8944-cvtres.write.1.tlog
C:\Users\Даниил\Desktop\антону\Graf_Way\Graf_Way\Debug\link.9076.read.1.tlog
C:\Users\Даниил\Desktop\антону\Graf_Way\Graf_Way\Debug\link.9076.write.1.tlog
C:\Users\Даниил\Desktop\антону\Graf_Way\Graf_Way\Debug\link.9076-cvtres.read.1.tlog
C:\Users\Даниил\Desktop\антону\Graf_Way\Graf_Way\Debug\link.9076-cvtres.write.1.tlog
C:\Users\Даниил\Desktop\антону\Graf_Way\Graf_Way\Debug\link.9128.read.1.tlog
C:\Users\Даниил\Desktop\антону\Graf_Way\Graf_Way\Debug\link.9128.write.1.tlog
C:\Users\Даниил\Desktop\антону\Graf_Way\Graf_Way\Debug\link.9128-cvtres.read.1.tlog
C:\Users\Даниил\Desktop\антону\Graf_Way\Graf_Way\Debug\link.9128-cvtres.write.1.tlog
C:\Users\Даниил\Desktop\антону\Graf_Way\Graf_Way\Debug\link.9184.read.1.tlog
C:\Users\Даниил\Desktop\антону\Graf_Way\Graf_Way\Debug\link.9184.write.1.tlog
C:\Users\Даниил\Desktop\антону\Graf_Way\Graf_Way\Debug\link.9184-cvtres.read.1.tlog
C:\Users\Даниил\Desktop\антону\Graf_Way\Graf_Way\Debug\link.9184-cvtres.write.1.tlog
C:\Users\Даниил\Desktop\антону\Graf_Way\Graf_Way\Debug\link.9292.read.1.tlog
C:\Users\Даниил\Desktop\антону\Graf_Way\Graf_Way\Debug\link.9292.write.1.tlog
C:\Users\Даниил\Desktop\антону\Graf_Way\Graf_Way\Debug\link.9292-cvtres.read.1.tlog
C:\Users\Даниил\Desktop\антону\Graf_Way\Graf_Way\Debug\link.9292-cvtres.write.1.tlog
C:\Users\Даниил\Desktop\антону\Graf_Way\Graf_Way\Debug\link.9316.read.1.tlog
C:\Users\Даниил\Desktop\антону\Graf_Way\Graf_Way\Debug\link.9316.write.1.tlog
C:\Users\Даниил\Desktop\антону\Graf_Way\Graf_Way\Debug\link.9316-cvtres.read.1.tlog
C:\Users\Даниил\Desktop\антону\Graf_Way\Graf_Way\Debug\link.9316-cvtres.write.1.tlog
C:\Users\Даниил\Desktop\антону\Graf_Way\Graf_Way\Debug\link.9340.read.1.tlog
C:\Users\Даниил\Desktop\антону\Graf_Way\Graf_Way\Debug\link.9340.write.1.tlog
C:\Users\Даниил\Desktop\антону\Graf_Way\Graf_Way\Debug\link.9340-cvtres.read.1.tlog
C:\Users\Даниил\Desktop\антону\Graf_Way\Graf_Way\Debug\link.9340-cvtres.write.1.tlog
C:\Users\Даниил\Desktop\антону\Graf_Way\Graf_Way\Debug\link.9368.read.1.tlog
C:\Users\Даниил\Desktop\антону\Graf_Way\Graf_Way\Debug\link.9368.write.1.tlog
C:\Users\Даниил\Desktop\антону\Graf_Way\Graf_Way\Debug\link.9368-cvtres.read.1.tlog
C:\Users\Даниил\Desktop\антону\Graf_Way\Graf_Way\Debug\link.9368-cvtres.write.1.tlog
C:\Users\Даниил\Desktop\антону\Graf_Way\Graf_Way\Debug\link.9436.read.1.tlog
C:\Users\Даниил\Desktop\антону\Graf_Way\Graf_Way\Debug\link.9436.write.1.tlog
C:\Users\Даниил\Desktop\антону\Graf_Way\Graf_Way\Debug\link.9436-cvtres.read.1.tlog
C:\Users\Даниил\Desktop\антону\Graf_Way\Graf_Way\Debug\link.9436-cvtres.write.1.tlog
C:\Users\Даниил\Desktop\антону\Graf_Way\Graf_Way\Debug\link.9460.read.1.tlog
C:\Users\Даниил\Desktop\антону\Graf_Way\Graf_Way\Debug\link.9460.write.1.tlog
C:\Users\Даниил\Desktop\антону\Graf_Way\Graf_Way\Debug\link.9460-cvtres.read.1.tlog
C:\Users\Даниил\Desktop\антону\Graf_Way\Graf_Way\Debug\link.9460-cvtres.write.1.tlog
C:\Users\Даниил\Desktop\антону\Graf_Way\Graf_Way\Debug\link.9484.read.1.tlog
C:\Users\Даниил\Desktop\антону\Graf_Way\Graf_Way\Debug\link.9484.write.1.tlog
C:\Users\Даниил\Desktop\антону\Graf_Way\Graf_Way\Debug\link.9484-cvtres.read.1.tlog
C:\Users\Даниил\Desktop\антону\Graf_Way\Graf_Way\Debug\link.9484-cvtres.write.1.tlog
C:\Users\Даниил\Desktop\антону\Graf_Way\Graf_Way\Debug\link.9556.read.1.tlog
C:\Users\Даниил\Desktop\антону\Graf_Way\Graf_Way\Debug\link.9556.write.1.tlog
C:\Users\Даниил\Desktop\антону\Graf_Way\Graf_Way\Debug\link.9556-cvtres.read.1.tlog
C:\Users\Даниил\Desktop\антону\Graf_Way\Graf_Way\Debug\link.9556-cvtres.write.1.tlog
C:\Users\Даниил\Desktop\антону\Graf_Way\Graf_Way\Debug\link.9560.read.1.tlog
C:\Users\Даниил\Desktop\антону\Graf_Way\Graf_Way\Debug\link.9560.write.1.tlog
C:\Users\Даниил\Desktop\антону\Graf_Way\Graf_Way\Debug\link.9560-cvtres.read.1.tlog
C:\Users\Даниил\Desktop\антону\Graf_Way\Graf_Way\Debug\link.9560-cvtres.write.1.tlog
C:\Users\Даниил\Desktop\антону\Graf_Way\Graf_Way\Debug\link.9588.read.1.tlog
C:\Users\Даниил\Desktop\антону\Graf_Way\Graf_Way\Debug\link.9588.write.1.tlog
C:\Users\Даниил\Desktop\антону\Graf_Way\Graf_Way\Debug\link.9588-cvtres.read.1.tlog
C:\Users\Даниил\Desktop\антону\Graf_Way\Graf_Way\Debug\link.9588-cvtres.write.1.tlog
C:\Users\Даниил\Desktop\антону\Graf_Way\Graf_Way\Debug\link.9608.read.1.tlog
C:\Users\Даниил\Desktop\антону\Graf_Way\Graf_Way\Debug\link.9608.write.1.tlog
C:\Users\Даниил\Desktop\антону\Graf_Way\Graf_Way\Debug\link.9608-cvtres.read.1.tlog
C:\Users\Даниил\Desktop\антону\Graf_Way\Graf_Way\Debug\link.9608-cvtres.write.1.tlog
C:\Users\Даниил\Desktop\антону\Graf_Way\Graf_Way\Debug\link.9624.read.1.tlog
C:\Users\Даниил\Desktop\антону\Graf_Way\Graf_Way\Debug\link.9624.write.1.tlog
C:\Users\Даниил\Desktop\антону\Graf_Way\Graf_Way\Debug\link.9624-cvtres.read.1.tlog
C:\Users\Даниил\Desktop\антону\Graf_Way\Graf_Way\Debug\link.9624-cvtres.write.1.tlog
C:\Users\Даниил\Desktop\антону\Graf_Way\Graf_Way\Debug\link.9628.read.1.tlog
C:\Users\Даниил\Desktop\антону\Graf_Way\Graf_Way\Debug\link.9628.write.1.tlog
C:\Users\Даниил\Desktop\антону\Graf_Way\Graf_Way\Debug\link.9628-cvtres.read.1.tlog
C:\Users\Даниил\Desktop\антону\Graf_Way\Graf_Way\Debug\link.9628-cvtres.write.1.tlog
C:\Users\Даниил\Desktop\антону\Graf_Way\Graf_Way\Debug\link.9672.read.1.tlog
C:\Users\Даниил\Desktop\антону\Graf_Way\Graf_Way\Debug\link.9672.write.1.tlog
C:\Users\Даниил\Desktop\антону\Graf_Way\Graf_Way\Debug\link.9672-cvtres.read.1.tlog
C:\Users\Даниил\Desktop\антону\Graf_Way\Graf_Way\Debug\link.9672-cvtres.write.1.tlog
C:\Users\Даниил\Desktop\антону\Graf_Way\Graf_Way\Debug\link.9676.read.1.tlog
C:\Users\Даниил\Desktop\антону\Graf_Way\Graf_Way\Debug\link.9676.write.1.tlog
C:\Users\Даниил\Desktop\антону\Graf_Way\Graf_Way\Debug\link.9676-cvtres.read.1.tlog
C:\Users\Даниил\Desktop\антону\Graf_Way\Graf_Way\Debug\link.9676-cvtres.write.1.tlog
C:\Users\Даниил\Desktop\антону\Graf_Way\Graf_Way\Debug\link.9688.read.1.tlog
C:\Users\Даниил\Desktop\антону\Graf_Way\Graf_Way\Debug\link.9688.write.1.tlog
C:\Users\Даниил\Desktop\антону\Graf_Way\Graf_Way\Debug\link.9688-cvtres.read.1.tlog
C:\Users\Даниил\Desktop\антону\Graf_Way\Graf_Way\Debug\link.9688-cvtres.write.1.tlog
C:\Users\Даниил\Desktop\антону\Graf_Way\Graf_Way\Debug\link.9816.read.1.tlog
C:\Users\Даниил\Desktop\антону\Graf_Way\Graf_Way\Debug\link.9816.write.1.tlog
C:\Users\Даниил\Desktop\антону\Graf_Way\Graf_Way\Debug\link.9816-cvtres.read.1.tlog
C:\Users\Даниил\Desktop\антону\Graf_Way\Graf_Way\Debug\link.9816-cvtres.write.1.tlog
C:\Users\Даниил\Desktop\антону\Graf_Way\Graf_Way\Debug\link.9832.read.1.tlog
C:\Users\Даниил\Desktop\антону\Graf_Way\Graf_Way\Debug\link.9832.write.1.tlog
C:\Users\Даниил\Desktop\антону\Graf_Way\Graf_Way\Debug\link.9832-cvtres.read.1.tlog
C:\Users\Даниил\Desktop\антону\Graf_Way\Graf_Way\Debug\link.9832-cvtres.write.1.tlog
C:\Users\Даниил\Desktop\антону\Graf_Way\Graf_Way\Debug\link.9892.read.1.tlog
C:\Users\Даниил\Desktop\антону\Graf_Way\Graf_Way\Debug\link.9892.write.1.tlog
C:\Users\Даниил\Desktop\антону\Graf_Way\Graf_Way\Debug\link.9892-cvtres.read.1.tlog
C:\Users\Даниил\Desktop\антону\Graf_Way\Graf_Way\Debug\link.9892-cvtres.write.1.tlog
C:\Users\Даниил\Desktop\антону\Graf_Way\Graf_Way\Debug\link.9900.read.1.tlog
C:\Users\Даниил\Desktop\антону\Graf_Way\Graf_Way\Debug\link.9900.write.1.tlog
C:\Users\Даниил\Desktop\антону\Graf_Way\Graf_Way\Debug\link.9900-cvtres.read.1.tlog
C:\Users\Даниил\Desktop\антону\Graf_Way\Graf_Way\Debug\link.9900-cvtres.write.1.tlog
C:\Users\Даниил\Desktop\антону\Graf_Way\Graf_Way\Debug\link.9940.read.1.tlog
C:\Users\Даниил\Desktop\антону\Graf_Way\Graf_Way\Debug\link.9940.write.1.tlog
C:\Users\Даниил\Desktop\антону\Graf_Way\Graf_Way\Debug\link.9940-cvtres.read.1.tlog
C:\Users\Даниил\Desktop\антону\Graf_Way\Graf_Way\Debug\link.9940-cvtres.write.1.tlog
C:\Users\Даниил\Desktop\антону\Graf_Way\Graf_Way\Debug\link.9968.read.1.tlog
C:\Users\Даниил\Desktop\антону\Graf_Way\Graf_Way\Debug\link.9968.write.1.tlog
C:\Users\Даниил\Desktop\антону\Graf_Way\Graf_Way\Debug\link.9968-cvtres.read.1.tlog
C:\Users\Даниил\Desktop\антону\Graf_Way\Graf_Way\Debug\link.9968-cvtres.write.1.tlog
C:\Users\Даниил\Desktop\антону\Graf_Way\Graf_Way\Debug\link.command.1.tlog
C:\Users\Даниил\Desktop\антону\Graf_Way\Graf_Way\Debug\link.read.1.tlog
C:\Users\Даниил\Desktop\антону\Graf_Way\Graf_Way\Debug\link.write.1.tlog
C:\Users\Даниил\Desktop\антону\Graf_Way\Graf_Way\Debug\mt.command.1.tlog
C:\Users\Даниил\Desktop\антону\Graf_Way\Graf_Way\Debug\mt.read.1.tlog
C:\Users\Даниил\Desktop\антону\Graf_Way\Graf_Way\Debug\mt.write.1.tlog
C:\Users\Даниил\Desktop\антону\Graf_Way\Graf_Way\Debug\rc.command.1.tlog
C:\Users\Даниил\Desktop\антону\Graf_Way\Graf_Way\Debug\rc.read.1.tlog
C:\Users\Даниил\Desktop\антону\Graf_Way\Graf_Way\Debug\rc.write.1.tlog
C:\USERS\Даниил\DESKTOP\антону\GRAF_WAY\GRAF_WAY\DEBUG\STDAFX.OBJ
C:\USERS\ДАНИИЛ\DESKTOP\АНТОНУ\GRAF_WAY\GRAF_WAY\DEBUG\VC100.PDB
C:\USERS\Даниил\DOCUMENTS\VISUAL STUDIO 2008\PROJECTS\GRAF_WAY\DEBUG\GRAF_WAY.EXE
C:\USERS\Даниил\DOCUMENTS\VISUAL STUDIO 2008\PROJECTS\GRAF_WAY\DEBUG\GRAF_WAY.ILK
C:\USERS\ДАНИИЛ\DOCUMENTS\VISUAL STUDIO 2008\PROJECTS\GRAF_WAY\DEBUG\GRAF_WAY.PDB
C:\USERS\Даниил\DOCUMENTS\VISUAL STUDIO 2008\PROJECTS\GRAF_WAY\GRAF_WAY\DEBUG\.NETFRAMEWORK,VERSION=V4.0.ASSEMBLYATTRIBUTES.OBJ
C:\USERS\Даниил\DOCUMENTS\VISUAL STUDIO 2008\PROJECTS\GRAF_WAY\GRAF_WAY\DEBUG\APP.RES
C:\USERS\Даниил\DOCUMENTS\VISUAL STUDIO 2008\PROJECTS\GRAF_WAY\GRAF_WAY\DEBUG\ASSEMBLYINFO.OBJ
C:\USERS\Даниил\DOCUMENTS\VISUAL STUDIO 2008\PROJECTS\GRAF_WAY\GRAF_WAY\DEBUG\GRAF_WAY.EXE.INTERMEDIATE.MANIFEST
C:\USERS\Даниил\DOCUMENTS\VISUAL STUDIO 2008\PROJECTS\GRAF_WAY\GRAF_WAY\DEBUG\GRAF_WAY.FORM1.RESOURCES
C:\USERS\Даниил\DOCUMENTS\VISUAL STUDIO 2008\PROJECTS\GRAF_WAY\GRAF_WAY\DEBUG\GRAF_WAY.OBJ
C:\USERS\Даниил\DOCUMENTS\VISUAL STUDIO 2008\PROJECTS\GRAF_WAY\GRAF_WAY\DEBUG\GRAF_WAY.PCH
C:\USERS\Даниил\DOCUMENTS\VISUAL STUDIO 2008\PROJECTS\GRAF_WAY\GRAF_WAY\DEBUG\STDAFX.OBJ
C:\USERS\ДАНИИЛ\DOCUMENTS\VISUAL STUDIO 2008\PROJECTS\GRAF_WAY\GRAF_WAY\DEBUG\VC100.PDB
