Построение начато 21.12.2012 22:15:02.
     1>Проект "C:\Users\Даниил\Documents\Программы 3сем\Graf_OstSubgraph\Graf_Way\Graf_Way.vcxproj" в узле 2 (целевые объекты build).
     1>InitializeBuildStatus:
         Создание "Debug\Graf_Way.unsuccessfulbuild", так как было задано "AlwaysCreate".
       GenerateTargetFrameworkMonikerAttribute:
       Целевой объект "GenerateTargetFrameworkMonikerAttribute" пропускается, так как все выходные файлы актуальны по отношению к входным.
       ClCompile:
         Для всех выходных данных обновления не требуется.
         C:\Program Files (x86)\Microsoft Visual Studio 10.0\VC\bin\CL.exe /c /AI"C:\Program Files (x86)\Reference Assemblies\Microsoft\Framework\.NETFramework\v4.0" /Zi /clr:pure /nologo /W3 /WX- /Od /Oy- /D WIN32 /D _DEBUG /D _UNICODE /D UNICODE /EHa /MDd /GS /fp:precise /Zc:wchar_t /Zc:forScope /Yu"StdAfx.h" /Fp"Debug\Graf_Way.pch" /Fo"Debug\\" /Fd"Debug\vc100.pdb" /TP /FU"C:\Program Files (x86)\Reference Assemblies\Microsoft\Framework\.NETFramework\v4.0\System.Core.dll" /FU"C:\Program Files (x86)\Reference Assemblies\Microsoft\Framework\.NETFramework\v4.0\System.Data.dll" /FU"C:\Program Files (x86)\Reference Assemblies\Microsoft\Framework\.NETFramework\v4.0\System.dll" /FU"C:\Program Files (x86)\Reference Assemblies\Microsoft\Framework\.NETFramework\v4.0\System.Drawing.dll" /FU"C:\Program Files (x86)\Reference Assemblies\Microsoft\Framework\.NETFramework\v4.0\System.Windows.Forms.dll" /FU"C:\Program Files (x86)\Reference Assemblies\Microsoft\Framework\.NETFramework\v4.0\System.Xml.dll" /analyze- /errorReport:prompt Graf_Way.cpp /clr:nostdlib 
         Graf_Way.cpp
     1>c:\users\даниил\documents\программы 3сем\graf_ostsubgraph\graf_way\Graf.h(46): warning C4244: аргумент: преобразование "int" в "float", возможна потеря данных
     1>c:\users\даниил\documents\программы 3сем\graf_ostsubgraph\graf_way\Graf.h(46): warning C4244: аргумент: преобразование "int" в "float", возможна потеря данных
     1>c:\users\даниил\documents\программы 3сем\graf_ostsubgraph\graf_way\Graf.h(89): warning C4244: инициализация: преобразование "int" в "float", возможна потеря данных
     1>c:\users\даниил\documents\программы 3сем\graf_ostsubgraph\graf_way\Graf.h(90): warning C4244: =: преобразование "float" в "int", возможна потеря данных
     1>c:\users\даниил\documents\программы 3сем\graf_ostsubgraph\graf_way\Graf.h(91): warning C4244: =: преобразование "float" в "int", возможна потеря данных
     1>c:\users\даниил\documents\программы 3сем\graf_ostsubgraph\graf_way\Graf.h(105): warning C4244: =: преобразование "int" в "float", возможна потеря данных
     1>c:\users\даниил\documents\программы 3сем\graf_ostsubgraph\graf_way\Graf.h(106): warning C4244: =: преобразование "int" в "float", возможна потеря данных
     1>c:\users\даниил\documents\программы 3сем\graf_ostsubgraph\graf_way\Graf.h(108): warning C4244: =: преобразование "double" в "float", возможна потеря данных
     1>c:\users\даниил\documents\программы 3сем\graf_ostsubgraph\graf_way\Graf.h(109): warning C4305: =: усечение из "double" к "float"
     1>c:\users\даниил\documents\программы 3сем\graf_ostsubgraph\graf_way\Graf.h(116): warning C4244: =: преобразование "float" в "int", возможна потеря данных
     1>c:\users\даниил\documents\программы 3сем\graf_ostsubgraph\graf_way\Graf.h(119): warning C4244: =: преобразование "float" в "int", возможна потеря данных
     1>c:\users\даниил\documents\программы 3сем\graf_ostsubgraph\graf_way\Graf.h(137): warning C4244: =: преобразование "int" в "float", возможна потеря данных
     1>c:\users\даниил\documents\программы 3сем\graf_ostsubgraph\graf_way\Graf.h(138): warning C4244: =: преобразование "int" в "float", возможна потеря данных
     1>c:\users\даниил\documents\программы 3сем\graf_ostsubgraph\graf_way\Graf.h(140): warning C4244: =: преобразование "double" в "float", возможна потеря данных
     1>c:\users\даниил\documents\программы 3сем\graf_ostsubgraph\graf_way\Graf.h(141): warning C4305: =: усечение из "double" к "float"
     1>c:\users\даниил\documents\программы 3сем\graf_ostsubgraph\graf_way\Graf.h(148): warning C4244: =: преобразование "float" в "int", возможна потеря данных
     1>c:\users\даниил\documents\программы 3сем\graf_ostsubgraph\graf_way\Graf.h(151): warning C4244: =: преобразование "float" в "int", возможна потеря данных
     1>c:\users\даниил\documents\программы 3сем\graf_ostsubgraph\graf_way\Graf.h(397): warning C4244: аргумент: преобразование "int" в "float", возможна потеря данных
     1>c:\users\даниил\documents\программы 3сем\graf_ostsubgraph\graf_way\Graf.h(397): warning C4244: аргумент: преобразование "int" в "float", возможна потеря данных
     1>c:\users\даниил\documents\программы 3сем\graf_ostsubgraph\graf_way\graf.h(246): warning C4715: Graf::AddEdge: значение возвращается не при всех путях выполнения
         Для всех выходных данных обновления не требуется.
       CoreResGen:
         Для всех выходных данных обновления не требуется.
       ResourceCompile:
         Для всех выходных данных обновления не требуется.
       Link:
         C:\Program Files (x86)\Microsoft Visual Studio 10.0\VC\bin\link.exe /ERRORREPORT:PROMPT /OUT:"C:\Users\Даниил\Documents\Программы 3сем\Graf_OstSubgraph\Debug\Graf_Way.exe" /INCREMENTAL /NOLOGO /ASSEMBLYRESOURCE:Debug\Graf_Way.Form1.resources /MANIFEST /ManifestFile:"Debug\Graf_Way.exe.intermediate.manifest" /MANIFESTUAC:"level='asInvoker' uiAccess='false'" /DEBUG /PDB:"C:\Users\Даниил\Documents\Программы 3сем\Graf_OstSubgraph\Debug\Graf_Way.pdb" /ASSEMBLYDEBUG /SUBSYSTEM:WINDOWS /TLBID:1 /ENTRY:"main" /DYNAMICBASE /FIXED:NO /NXCOMPAT /MACHINE:X86 Debug\app.res
         Debug\AssemblyInfo.obj
         Debug\Graf_Way.obj
         Debug\stdafx.obj
         Debug\_List.obj
         "Debug\.NETFramework,Version=v4.0.AssemblyAttributes.obj"
         Graf_Way.vcxproj -> C:\Users\Даниил\Documents\Программы 3сем\Graf_OstSubgraph\Debug\Graf_Way.exe
       Manifest:
         C:\Program Files (x86)\Microsoft SDKs\Windows\v7.0A\bin\mt.exe /nologo /verbose /outputresource:"C:\Users\Даниил\Documents\Программы 3сем\Graf_OstSubgraph\Debug\Graf_Way.exe;#1" /manifest Debug\Graf_Way.exe.intermediate.manifest
       FinalizeBuildStatus:
         Файл "Debug\Graf_Way.unsuccessfulbuild" удаляется.
         Обращение к "Debug\Graf_Way.lastbuildstate".
     1>Построение проекта "C:\Users\Даниил\Documents\Программы 3сем\Graf_OstSubgraph\Graf_Way\Graf_Way.vcxproj" завершено (целевые объекты build).

Построение успешно завершено.

Затраченное время: 00:00:00.83
